mode: set
park_2020/2020_2_tmp_name/users/delivery/http/delivery.go:25.59,56.2 23 1
park_2020/2020_2_tmp_name/users/delivery/http/delivery.go:58.77,60.2 1 1
park_2020/2020_2_tmp_name/users/delivery/http/delivery.go:62.39,64.16 2 1
park_2020/2020_2_tmp_name/users/delivery/http/delivery.go:67.2,67.18 1 1
park_2020/2020_2_tmp_name/users/delivery/http/delivery.go:64.16,66.3 1 0
park_2020/2020_2_tmp_name/users/delivery/http/delivery.go:70.76,73.16 3 1
park_2020/2020_2_tmp_name/users/delivery/http/delivery.go:80.2,81.16 2 1
park_2020/2020_2_tmp_name/users/delivery/http/delivery.go:88.2,97.16 5 1
park_2020/2020_2_tmp_name/users/delivery/http/delivery.go:104.2,106.15 3 1
park_2020/2020_2_tmp_name/users/delivery/http/delivery.go:73.16,78.3 4 1
park_2020/2020_2_tmp_name/users/delivery/http/delivery.go:81.16,86.3 4 1
park_2020/2020_2_tmp_name/users/delivery/http/delivery.go:97.16,102.3 4 0
park_2020/2020_2_tmp_name/users/delivery/http/delivery.go:109.77,111.29 2 1
park_2020/2020_2_tmp_name/users/delivery/http/delivery.go:118.2,119.16 2 1
park_2020/2020_2_tmp_name/users/delivery/http/delivery.go:126.2,127.16 2 1
park_2020/2020_2_tmp_name/users/delivery/http/delivery.go:134.2,138.15 4 1
park_2020/2020_2_tmp_name/users/delivery/http/delivery.go:111.29,116.3 4 1
park_2020/2020_2_tmp_name/users/delivery/http/delivery.go:119.16,124.3 4 1
park_2020/2020_2_tmp_name/users/delivery/http/delivery.go:127.16,132.3 4 0
park_2020/2020_2_tmp_name/users/delivery/http/delivery.go:141.77,144.16 3 1
park_2020/2020_2_tmp_name/users/delivery/http/delivery.go:151.2,152.16 2 1
park_2020/2020_2_tmp_name/users/delivery/http/delivery.go:158.2,159.16 2 1
park_2020/2020_2_tmp_name/users/delivery/http/delivery.go:166.2,167.15 2 1
park_2020/2020_2_tmp_name/users/delivery/http/delivery.go:144.16,149.3 4 1
park_2020/2020_2_tmp_name/users/delivery/http/delivery.go:152.16,156.3 3 1
park_2020/2020_2_tmp_name/users/delivery/http/delivery.go:159.16,164.3 4 0
park_2020/2020_2_tmp_name/users/delivery/http/delivery.go:170.79,173.16 3 0
park_2020/2020_2_tmp_name/users/delivery/http/delivery.go:180.2,182.16 3 0
park_2020/2020_2_tmp_name/users/delivery/http/delivery.go:189.2,189.30 1 0
park_2020/2020_2_tmp_name/users/delivery/http/delivery.go:173.16,178.3 4 0
park_2020/2020_2_tmp_name/users/delivery/http/delivery.go:182.16,187.3 4 0
park_2020/2020_2_tmp_name/users/delivery/http/delivery.go:192.73,195.16 3 0
park_2020/2020_2_tmp_name/users/delivery/http/delivery.go:201.2,202.16 2 0
park_2020/2020_2_tmp_name/users/delivery/http/delivery.go:209.2,210.15 2 0
park_2020/2020_2_tmp_name/users/delivery/http/delivery.go:195.16,199.3 3 0
park_2020/2020_2_tmp_name/users/delivery/http/delivery.go:202.16,207.3 4 0
park_2020/2020_2_tmp_name/users/delivery/http/delivery.go:213.75,218.16 5 0
park_2020/2020_2_tmp_name/users/delivery/http/delivery.go:225.2,226.16 2 0
park_2020/2020_2_tmp_name/users/delivery/http/delivery.go:233.2,234.15 2 0
park_2020/2020_2_tmp_name/users/delivery/http/delivery.go:218.16,223.3 4 0
park_2020/2020_2_tmp_name/users/delivery/http/delivery.go:226.16,231.3 4 0
park_2020/2020_2_tmp_name/users/delivery/http/delivery.go:237.79,240.16 3 0
park_2020/2020_2_tmp_name/users/delivery/http/delivery.go:247.2,248.16 2 0
park_2020/2020_2_tmp_name/users/delivery/http/delivery.go:255.2,256.16 2 0
park_2020/2020_2_tmp_name/users/delivery/http/delivery.go:263.2,264.15 2 0
park_2020/2020_2_tmp_name/users/delivery/http/delivery.go:240.16,245.3 4 0
park_2020/2020_2_tmp_name/users/delivery/http/delivery.go:248.16,253.3 4 0
park_2020/2020_2_tmp_name/users/delivery/http/delivery.go:256.16,261.3 4 0
park_2020/2020_2_tmp_name/users/delivery/http/delivery.go:267.83,270.16 3 0
park_2020/2020_2_tmp_name/users/delivery/http/delivery.go:276.2,280.16 4 0
park_2020/2020_2_tmp_name/users/delivery/http/delivery.go:287.2,290.16 3 0
park_2020/2020_2_tmp_name/users/delivery/http/delivery.go:297.2,298.16 2 0
park_2020/2020_2_tmp_name/users/delivery/http/delivery.go:304.2,309.16 4 0
park_2020/2020_2_tmp_name/users/delivery/http/delivery.go:316.2,318.15 3 0
park_2020/2020_2_tmp_name/users/delivery/http/delivery.go:270.16,275.3 4 0
park_2020/2020_2_tmp_name/users/delivery/http/delivery.go:280.16,285.3 4 0
park_2020/2020_2_tmp_name/users/delivery/http/delivery.go:290.16,295.3 4 0
park_2020/2020_2_tmp_name/users/delivery/http/delivery.go:298.16,303.3 4 0
park_2020/2020_2_tmp_name/users/delivery/http/delivery.go:309.16,314.3 4 0
park_2020/2020_2_tmp_name/users/delivery/http/delivery.go:321.75,324.16 3 0
park_2020/2020_2_tmp_name/users/delivery/http/delivery.go:331.2,336.16 4 0
park_2020/2020_2_tmp_name/users/delivery/http/delivery.go:343.2,344.15 2 0
park_2020/2020_2_tmp_name/users/delivery/http/delivery.go:324.16,329.3 4 0
park_2020/2020_2_tmp_name/users/delivery/http/delivery.go:336.16,341.3 4 0
park_2020/2020_2_tmp_name/users/delivery/http/delivery.go:347.78,350.16 3 0
park_2020/2020_2_tmp_name/users/delivery/http/delivery.go:357.2,360.16 3 0
park_2020/2020_2_tmp_name/users/delivery/http/delivery.go:367.2,368.16 2 0
park_2020/2020_2_tmp_name/users/delivery/http/delivery.go:375.2,376.15 2 0
park_2020/2020_2_tmp_name/users/delivery/http/delivery.go:350.16,355.3 4 0
park_2020/2020_2_tmp_name/users/delivery/http/delivery.go:360.16,365.3 4 0
park_2020/2020_2_tmp_name/users/delivery/http/delivery.go:368.16,373.3 4 0
park_2020/2020_2_tmp_name/users/delivery/http/delivery.go:379.78,382.16 3 0
park_2020/2020_2_tmp_name/users/delivery/http/delivery.go:389.2,391.16 3 0
park_2020/2020_2_tmp_name/users/delivery/http/delivery.go:398.2,400.16 3 0
park_2020/2020_2_tmp_name/users/delivery/http/delivery.go:407.2,408.15 2 0
park_2020/2020_2_tmp_name/users/delivery/http/delivery.go:382.16,387.3 4 0
park_2020/2020_2_tmp_name/users/delivery/http/delivery.go:391.16,396.3 4 0
park_2020/2020_2_tmp_name/users/delivery/http/delivery.go:400.16,405.3 4 0
park_2020/2020_2_tmp_name/users/delivery/http/delivery.go:411.83,413.16 2 0
park_2020/2020_2_tmp_name/users/delivery/http/delivery.go:420.2,421.16 2 0
park_2020/2020_2_tmp_name/users/delivery/http/delivery.go:428.2,429.16 2 0
park_2020/2020_2_tmp_name/users/delivery/http/delivery.go:436.2,437.15 2 0
park_2020/2020_2_tmp_name/users/delivery/http/delivery.go:413.16,418.3 4 0
park_2020/2020_2_tmp_name/users/delivery/http/delivery.go:421.16,426.3 4 0
park_2020/2020_2_tmp_name/users/delivery/http/delivery.go:429.16,434.3 4 0
park_2020/2020_2_tmp_name/users/delivery/http/delivery.go:440.75,443.16 3 0
park_2020/2020_2_tmp_name/users/delivery/http/delivery.go:450.2,451.16 2 0
park_2020/2020_2_tmp_name/users/delivery/http/delivery.go:458.2,459.16 2 0
park_2020/2020_2_tmp_name/users/delivery/http/delivery.go:466.2,467.15 2 0
park_2020/2020_2_tmp_name/users/delivery/http/delivery.go:443.16,448.3 4 0
park_2020/2020_2_tmp_name/users/delivery/http/delivery.go:451.16,456.3 4 0
park_2020/2020_2_tmp_name/users/delivery/http/delivery.go:459.16,464.3 4 0
park_2020/2020_2_tmp_name/users/delivery/http/delivery.go:470.78,473.16 3 0
park_2020/2020_2_tmp_name/users/delivery/http/delivery.go:480.2,482.16 3 0
park_2020/2020_2_tmp_name/users/delivery/http/delivery.go:489.2,490.16 2 0
park_2020/2020_2_tmp_name/users/delivery/http/delivery.go:497.2,498.15 2 0
park_2020/2020_2_tmp_name/users/delivery/http/delivery.go:473.16,478.3 4 0
park_2020/2020_2_tmp_name/users/delivery/http/delivery.go:482.16,487.3 4 0
park_2020/2020_2_tmp_name/users/delivery/http/delivery.go:490.16,495.3 4 0
park_2020/2020_2_tmp_name/users/delivery/http/delivery.go:501.76,505.16 3 0
park_2020/2020_2_tmp_name/users/delivery/http/delivery.go:512.2,513.16 2 0
park_2020/2020_2_tmp_name/users/delivery/http/delivery.go:520.2,521.15 2 0
park_2020/2020_2_tmp_name/users/delivery/http/delivery.go:505.16,510.3 4 0
park_2020/2020_2_tmp_name/users/delivery/http/delivery.go:513.16,518.3 4 0
park_2020/2020_2_tmp_name/users/delivery/http/delivery.go:524.77,526.16 2 0
park_2020/2020_2_tmp_name/users/delivery/http/delivery.go:533.2,535.16 3 0
park_2020/2020_2_tmp_name/users/delivery/http/delivery.go:542.2,543.16 2 0
park_2020/2020_2_tmp_name/users/delivery/http/delivery.go:550.2,551.15 2 0
park_2020/2020_2_tmp_name/users/delivery/http/delivery.go:526.16,531.3 4 0
park_2020/2020_2_tmp_name/users/delivery/http/delivery.go:535.16,540.3 4 0
park_2020/2020_2_tmp_name/users/delivery/http/delivery.go:543.16,548.3 4 0
park_2020/2020_2_tmp_name/users/delivery/http/delivery.go:554.77,558.16 3 0
park_2020/2020_2_tmp_name/users/delivery/http/delivery.go:565.2,566.30 2 0
park_2020/2020_2_tmp_name/users/delivery/http/delivery.go:558.16,563.3 4 0
park_2020/2020_2_tmp_name/users/delivery/http/delivery.go:569.35,570.16 1 1
park_2020/2020_2_tmp_name/users/delivery/http/delivery.go:574.2,575.13 2 1
park_2020/2020_2_tmp_name/users/delivery/http/delivery.go:570.16,572.3 1 0
park_2020/2020_2_tmp_name/users/delivery/http/delivery.go:576.37,577.40 1 0
park_2020/2020_2_tmp_name/users/delivery/http/delivery.go:578.26,579.29 1 0
park_2020/2020_2_tmp_name/users/delivery/http/delivery.go:580.26,581.29 1 0
park_2020/2020_2_tmp_name/users/delivery/http/delivery.go:582.30,583.33 1 0
park_2020/2020_2_tmp_name/users/delivery/http/delivery.go:584.10,585.40 1 1
